2021-08-30 10:39:53,614 INFO o.s.b.StartupInfoLogger [main] Starting RestaurantCoreApplication using Java 1.8.0_241 on LAPTOP-5U0CG77U with PID 23520 (C:\Users\formation\Documents\Workspace\ProgramFiles\SpringToolsSuite\workspace\restaurant-core\restaurant-core\bin\main started by formation in C:\Users\formation\Documents\Workspace\ProgramFiles\SpringToolsSuite\workspace\restaurant-core\restaurant-core)
2021-08-30 10:39:53,623 INFO o.s.b.SpringApplication [main] No active profile set, falling back to default profiles: default
2021-08-30 10:39:54,270 INFO o.s.d.r.c.RepositoryConfigurationDelegate [main] Bootstrapping Spring Data MongoDB repositories in DEFAULT mode.
2021-08-30 10:39:54,276 DEBUG o.s.d.r.c.RepositoryConfigurationDelegate [main] Scanning for MongoDB repositories in packages com.filrouge.restaurantcore.
2021-08-30 10:39:54,281 INFO o.s.d.r.c.RepositoryConfigurationDelegate [main] Finished Spring Data repository scanning in 3 ms. Found 0 MongoDB repository interfaces.
2021-08-30 10:39:54,694 INFO o.s.b.w.e.t.TomcatWebServer [main] Tomcat initialized with port(s): 8080 (http)
2021-08-30 10:39:54,711 INFO o.a.j.l.DirectJDKLog [main] Initializing ProtocolHandler ["http-nio-8080"]
2021-08-30 10:39:54,712 INFO o.a.j.l.DirectJDKLog [main] Starting service [Tomcat]
2021-08-30 10:39:54,712 INFO o.a.j.l.DirectJDKLog [main] Starting Servlet engine: [Apache Tomcat/9.0.52]
2021-08-30 10:39:54,778 INFO o.a.j.l.DirectJDKLog [main] Initializing Spring embedded WebApplicationContext
2021-08-30 10:39:54,778 INFO o.s.b.w.s.c.ServletWebServerApplicationContext [main] Root WebApplicationContext: initialization completed in 1117 ms
2021-08-30 10:39:57,249 INFO c.m.d.l.SLF4JLogger [main] Cluster created with settings {hosts=[127.0.0.1:27017], srvHost=cluster-poei.z9yhc.mongodb.net, mode=MULTIPLE, requiredClusterType=REPLICA_SET, serverSelectionTimeout='30000 ms', requiredReplicaSetName='atlas-inwl8u-shard-0'}
2021-08-30 10:39:57,378 DEBUG o.s.d.c.CustomConversions [main] Adding converter from class java.util.Locale to class java.lang.String as writing converter.
2021-08-30 10:39:57,379 DEBUG o.s.d.c.CustomConversions [main] Adding converter from class java.lang.Character to class java.lang.String as writing converter.
2021-08-30 10:39:57,380 DEBUG o.s.d.c.CustomConversions [main] Adding converter from class java.math.BigDecimal to class java.lang.String as writing converter.
2021-08-30 10:39:57,380 DEBUG o.s.d.c.CustomConversions [main] Adding converter from class java.math.BigDecimal to class org.bson.types.Decimal128 as writing converter.
2021-08-30 10:39:57,380 DEBUG o.s.d.c.CustomConversions [main] Adding converter from class java.lang.String to class java.math.BigDecimal as reading converter.
2021-08-30 10:39:57,380 DEBUG o.s.d.c.CustomConversions [main] Adding converter from class org.bson.types.Decimal128 to class java.math.BigDecimal as reading converter.
2021-08-30 10:39:57,381 DEBUG o.s.d.c.CustomConversions [main] Adding converter from class java.math.BigInteger to class java.lang.String as writing converter.
2021-08-30 10:39:57,381 DEBUG o.s.d.c.CustomConversions [main] Adding converter from class java.lang.String to class java.math.BigInteger as reading converter.
2021-08-30 10:39:57,381 DEBUG o.s.d.c.CustomConversions [main] Adding converter from class java.net.URL to class java.lang.String as writing converter.
2021-08-30 10:39:57,381 DEBUG o.s.d.c.CustomConversions [main] Adding converter from class java.lang.String to class java.net.URL as reading converter.
2021-08-30 10:39:57,382 DEBUG o.s.d.c.CustomConversions [main] Adding converter from class org.bson.Document to class java.lang.String as reading converter.
2021-08-30 10:39:57,382 DEBUG o.s.d.c.CustomConversions [main] Adding converter from class org.springframework.data.mongodb.core.query.Term to class java.lang.String as writing converter.
2021-08-30 10:39:57,382 DEBUG o.s.d.c.CustomConversions [main] Adding converter from class org.springframework.data.mongodb.core.script.NamedMongoScript to class org.bson.Document as writing converter.
2021-08-30 10:39:57,382 DEBUG o.s.d.c.CustomConversions [main] Adding converter from class org.bson.Document to class org.springframework.data.mongodb.core.script.NamedMongoScript as reading converter.
2021-08-30 10:39:57,383 DEBUG o.s.d.c.CustomConversions [main] Adding converter from class java.util.Currency to class java.lang.String as writing converter.
2021-08-30 10:39:57,383 DEBUG o.s.d.c.CustomConversions [main] Adding converter from class java.lang.String to class java.util.Currency as reading converter.
2021-08-30 10:39:57,383 DEBUG o.s.d.c.CustomConversions [main] Adding converter from class java.util.concurrent.atomic.AtomicInteger to class java.lang.Integer as writing converter.
2021-08-30 10:39:57,383 DEBUG o.s.d.c.CustomConversions [main] Adding converter from class java.util.concurrent.atomic.AtomicLong to class java.lang.Long as writing converter.
2021-08-30 10:39:57,384 DEBUG o.s.d.c.CustomConversions [main] Adding converter from class java.lang.Long to class java.util.concurrent.atomic.AtomicLong as reading converter.
2021-08-30 10:39:57,384 DEBUG o.s.d.c.CustomConversions [main] Adding converter from class java.lang.Integer to class java.util.concurrent.atomic.AtomicInteger as reading converter.
2021-08-30 10:39:57,384 DEBUG o.s.d.c.CustomConversions [main] Adding converter from class org.bson.types.Binary to class [B as reading converter.
2021-08-30 10:39:57,384 DEBUG o.s.d.c.CustomConversions [main] Adding converter from class org.bson.BsonTimestamp to class java.time.Instant as reading converter.
2021-08-30 10:39:57,384 DEBUG o.s.d.c.CustomConversions [main] Adding converter from class java.lang.String to class java.net.URI as reading converter.
2021-08-30 10:39:57,385 DEBUG o.s.d.c.CustomConversions [main] Adding converter from class java.net.URI to class java.lang.String as writing converter.
2021-08-30 10:39:57,385 DEBUG o.s.d.c.CustomConversions [main] Adding converter from class org.springframework.data.geo.Box to class org.bson.Document as writing converter.
2021-08-30 10:39:57,385 DEBUG o.s.d.c.CustomConversions [main] Adding converter from class org.springframework.data.geo.Polygon to class org.bson.Document as writing converter.
2021-08-30 10:39:57,385 DEBUG o.s.d.c.CustomConversions [main] Adding converter from class org.springframework.data.geo.Circle to class org.bson.Document as writing converter.
2021-08-30 10:39:57,386 DEBUG o.s.d.c.CustomConversions [main] Adding converter from class org.springframework.data.mongodb.core.geo.Sphere to class org.bson.Document as writing converter.
2021-08-30 10:39:57,386 DEBUG o.s.d.c.CustomConversions [main] Adding converter from class org.bson.Document to class org.springframework.data.geo.Box as reading converter.
2021-08-30 10:39:57,386 DEBUG o.s.d.c.CustomConversions [main] Adding converter from class org.bson.Document to class org.springframework.data.geo.Polygon as reading converter.
2021-08-30 10:39:57,387 DEBUG o.s.d.c.CustomConversions [main] Adding converter from class org.bson.Document to class org.springframework.data.geo.Circle as reading converter.
2021-08-30 10:39:57,387 DEBUG o.s.d.c.CustomConversions [main] Adding converter from class org.bson.Document to class org.springframework.data.mongodb.core.geo.Sphere as reading converter.
2021-08-30 10:39:57,387 DEBUG o.s.d.c.CustomConversions [main] Adding converter from class org.bson.Document to class org.springframework.data.geo.Point as reading converter.
2021-08-30 10:39:57,388 DEBUG o.s.d.c.CustomConversions [main] Adding converter from class org.springframework.data.geo.Point to class org.bson.Document as writing converter.
2021-08-30 10:39:57,388 DEBUG o.s.d.c.CustomConversions [main] Adding converter from class org.springframework.data.mongodb.core.query.GeoCommand to class org.bson.Document as writing converter.
2021-08-30 10:39:57,388 DEBUG o.s.d.c.CustomConversions [main] Adding converter from interface org.springframework.data.mongodb.core.geo.GeoJson to class org.bson.Document as writing converter.
2021-08-30 10:39:57,388 DEBUG o.s.d.c.CustomConversions [main] Adding converter from class org.springframework.data.mongodb.core.geo.GeoJsonPoint to class org.bson.Document as writing converter.
2021-08-30 10:39:57,389 DEBUG o.s.d.c.CustomConversions [main] Adding converter from class org.springframework.data.mongodb.core.geo.GeoJsonPolygon to class org.bson.Document as writing converter.
2021-08-30 10:39:57,389 DEBUG o.s.d.c.CustomConversions [main] Adding converter from class org.bson.Document to class org.springframework.data.mongodb.core.geo.GeoJsonPoint as reading converter.
2021-08-30 10:39:57,389 DEBUG o.s.d.c.CustomConversions [main] Adding converter from class org.bson.Document to class org.springframework.data.mongodb.core.geo.GeoJsonPolygon as reading converter.
2021-08-30 10:39:57,389 DEBUG o.s.d.c.CustomConversions [main] Adding converter from class org.bson.Document to class org.springframework.data.mongodb.core.geo.GeoJsonLineString as reading converter.
2021-08-30 10:39:57,390 DEBUG o.s.d.c.CustomConversions [main] Adding converter from class org.bson.Document to class org.springframework.data.mongodb.core.geo.GeoJsonMultiLineString as reading converter.
2021-08-30 10:39:57,390 DEBUG o.s.d.c.CustomConversions [main] Adding converter from class org.bson.Document to class org.springframework.data.mongodb.core.geo.GeoJsonMultiPoint as reading converter.
2021-08-30 10:39:57,390 DEBUG o.s.d.c.CustomConversions [main] Adding converter from class org.bson.Document to class org.springframework.data.mongodb.core.geo.GeoJsonMultiPolygon as reading converter.
2021-08-30 10:39:57,390 DEBUG o.s.d.c.CustomConversions [main] Adding converter from class org.bson.Document to class org.springframework.data.mongodb.core.geo.GeoJsonGeometryCollection as reading converter.
2021-08-30 10:39:57,391 DEBUG o.s.d.c.CustomConversions [main] Adding converter from class org.bson.Document to interface org.springframework.data.mongodb.core.geo.GeoJson as reading converter.
2021-08-30 10:39:57,391 DEBUG o.s.d.c.CustomConversions [main] Adding converter from class java.util.Date to class java.time.LocalDateTime as reading converter.
2021-08-30 10:39:57,391 DEBUG o.s.d.c.CustomConversions [main] Adding converter from class java.time.LocalDateTime to class java.util.Date as writing converter.
2021-08-30 10:39:57,391 DEBUG o.s.d.c.CustomConversions [main] Adding converter from class java.util.Date to class java.time.LocalDate as reading converter.
2021-08-30 10:39:57,391 DEBUG o.s.d.c.CustomConversions [main] Adding converter from class java.time.LocalDate to class java.util.Date as writing converter.
2021-08-30 10:39:57,392 DEBUG o.s.d.c.CustomConversions [main] Adding converter from class java.util.Date to class java.time.LocalTime as reading converter.
2021-08-30 10:39:57,392 DEBUG o.s.d.c.CustomConversions [main] Adding converter from class java.time.LocalTime to class java.util.Date as writing converter.
2021-08-30 10:39:57,392 DEBUG o.s.d.c.CustomConversions [main] Adding converter from class java.util.Date to class java.time.Instant as reading converter.
2021-08-30 10:39:57,392 DEBUG o.s.d.c.CustomConversions [main] Adding converter from class java.time.Instant to class java.util.Date as writing converter.
2021-08-30 10:39:57,392 DEBUG o.s.d.c.CustomConversions [main] Skipping converter from class java.time.LocalDateTime to class java.time.Instant as reading converter. class java.time.LocalDateTime is not a store supported simple type!
2021-08-30 10:39:57,393 DEBUG o.s.d.c.CustomConversions [main] Skipping converter from class java.time.Instant to class java.time.LocalDateTime as reading converter. class java.time.Instant is not a store supported simple type!
2021-08-30 10:39:57,393 DEBUG o.s.d.c.CustomConversions [main] Adding converter from class java.time.ZoneId to class java.lang.String as writing converter.
2021-08-30 10:39:57,393 DEBUG o.s.d.c.CustomConversions [main] Adding converter from class java.lang.String to class java.time.ZoneId as reading converter.
2021-08-30 10:39:57,393 DEBUG o.s.d.c.CustomConversions [main] Adding converter from class java.time.Duration to class java.lang.String as writing converter.
2021-08-30 10:39:57,393 DEBUG o.s.d.c.CustomConversions [main] Adding converter from class java.lang.String to class java.time.Duration as reading converter.
2021-08-30 10:39:57,394 DEBUG o.s.d.c.CustomConversions [main] Adding converter from class java.time.Period to class java.lang.String as writing converter.
2021-08-30 10:39:57,394 DEBUG o.s.d.c.CustomConversions [main] Adding converter from class java.lang.String to class java.time.Period as reading converter.
2021-08-30 10:39:57,394 DEBUG o.s.d.c.CustomConversions [main] Adding converter from class java.lang.String to class java.time.LocalDate as reading converter.
2021-08-30 10:39:57,394 DEBUG o.s.d.c.CustomConversions [main] Adding converter from class java.lang.String to class java.time.LocalDateTime as reading converter.
2021-08-30 10:39:57,394 DEBUG o.s.d.c.CustomConversions [main] Adding converter from class java.lang.String to class java.time.Instant as reading converter.
2021-08-30 10:39:57,423 DEBUG o.s.d.c.CustomConversions [main] Adding converter from class java.util.Locale to class java.lang.String as writing converter.
2021-08-30 10:39:57,424 DEBUG o.s.d.c.CustomConversions [main] Adding converter from class java.lang.Character to class java.lang.String as writing converter.
2021-08-30 10:39:57,424 DEBUG o.s.d.c.CustomConversions [main] Adding converter from class java.math.BigDecimal to class java.lang.String as writing converter.
2021-08-30 10:39:57,424 DEBUG o.s.d.c.CustomConversions [main] Adding converter from class java.math.BigDecimal to class org.bson.types.Decimal128 as writing converter.
2021-08-30 10:39:57,424 DEBUG o.s.d.c.CustomConversions [main] Adding converter from class java.lang.String to class java.math.BigDecimal as reading converter.
2021-08-30 10:39:57,424 DEBUG o.s.d.c.CustomConversions [main] Adding converter from class org.bson.types.Decimal128 to class java.math.BigDecimal as reading converter.
2021-08-30 10:39:57,424 DEBUG o.s.d.c.CustomConversions [main] Adding converter from class java.math.BigInteger to class java.lang.String as writing converter.
2021-08-30 10:39:57,425 DEBUG o.s.d.c.CustomConversions [main] Adding converter from class java.lang.String to class java.math.BigInteger as reading converter.
2021-08-30 10:39:57,425 DEBUG o.s.d.c.CustomConversions [main] Adding converter from class java.net.URL to class java.lang.String as writing converter.
2021-08-30 10:39:57,425 DEBUG o.s.d.c.CustomConversions [main] Adding converter from class java.lang.String to class java.net.URL as reading converter.
2021-08-30 10:39:57,425 DEBUG o.s.d.c.CustomConversions [main] Adding converter from class org.bson.Document to class java.lang.String as reading converter.
2021-08-30 10:39:57,425 DEBUG o.s.d.c.CustomConversions [main] Adding converter from class org.springframework.data.mongodb.core.query.Term to class java.lang.String as writing converter.
2021-08-30 10:39:57,425 DEBUG o.s.d.c.CustomConversions [main] Adding converter from class org.springframework.data.mongodb.core.script.NamedMongoScript to class org.bson.Document as writing converter.
2021-08-30 10:39:57,426 DEBUG o.s.d.c.CustomConversions [main] Adding converter from class org.bson.Document to class org.springframework.data.mongodb.core.script.NamedMongoScript as reading converter.
2021-08-30 10:39:57,426 DEBUG o.s.d.c.CustomConversions [main] Adding converter from class java.util.Currency to class java.lang.String as writing converter.
2021-08-30 10:39:57,426 DEBUG o.s.d.c.CustomConversions [main] Adding converter from class java.lang.String to class java.util.Currency as reading converter.
2021-08-30 10:39:57,426 DEBUG o.s.d.c.CustomConversions [main] Adding converter from class java.util.concurrent.atomic.AtomicInteger to class java.lang.Integer as writing converter.
2021-08-30 10:39:57,426 DEBUG o.s.d.c.CustomConversions [main] Adding converter from class java.util.concurrent.atomic.AtomicLong to class java.lang.Long as writing converter.
2021-08-30 10:39:57,426 DEBUG o.s.d.c.CustomConversions [main] Adding converter from class java.lang.Long to class java.util.concurrent.atomic.AtomicLong as reading converter.
2021-08-30 10:39:57,427 DEBUG o.s.d.c.CustomConversions [main] Adding converter from class java.lang.Integer to class java.util.concurrent.atomic.AtomicInteger as reading converter.
2021-08-30 10:39:57,427 DEBUG o.s.d.c.CustomConversions [main] Adding converter from class org.bson.types.Binary to class [B as reading converter.
2021-08-30 10:39:57,427 DEBUG o.s.d.c.CustomConversions [main] Adding converter from class org.bson.BsonTimestamp to class java.time.Instant as reading converter.
2021-08-30 10:39:57,427 DEBUG o.s.d.c.CustomConversions [main] Adding converter from class java.lang.String to class java.net.URI as reading converter.
2021-08-30 10:39:57,427 DEBUG o.s.d.c.CustomConversions [main] Adding converter from class java.net.URI to class java.lang.String as writing converter.
2021-08-30 10:39:57,428 DEBUG o.s.d.c.CustomConversions [main] Adding converter from class org.springframework.data.geo.Box to class org.bson.Document as writing converter.
2021-08-30 10:39:57,428 DEBUG o.s.d.c.CustomConversions [main] Adding converter from class org.springframework.data.geo.Polygon to class org.bson.Document as writing converter.
2021-08-30 10:39:57,428 DEBUG o.s.d.c.CustomConversions [main] Adding converter from class org.springframework.data.geo.Circle to class org.bson.Document as writing converter.
2021-08-30 10:39:57,428 DEBUG o.s.d.c.CustomConversions [main] Adding converter from class org.springframework.data.mongodb.core.geo.Sphere to class org.bson.Document as writing converter.
2021-08-30 10:39:57,429 DEBUG o.s.d.c.CustomConversions [main] Adding converter from class org.bson.Document to class org.springframework.data.geo.Box as reading converter.
2021-08-30 10:39:57,429 DEBUG o.s.d.c.CustomConversions [main] Adding converter from class org.bson.Document to class org.springframework.data.geo.Polygon as reading converter.
2021-08-30 10:39:57,429 DEBUG o.s.d.c.CustomConversions [main] Adding converter from class org.bson.Document to class org.springframework.data.geo.Circle as reading converter.
2021-08-30 10:39:57,429 DEBUG o.s.d.c.CustomConversions [main] Adding converter from class org.bson.Document to class org.springframework.data.mongodb.core.geo.Sphere as reading converter.
2021-08-30 10:39:57,429 DEBUG o.s.d.c.CustomConversions [main] Adding converter from class org.bson.Document to class org.springframework.data.geo.Point as reading converter.
2021-08-30 10:39:57,429 DEBUG o.s.d.c.CustomConversions [main] Adding converter from class org.springframework.data.geo.Point to class org.bson.Document as writing converter.
2021-08-30 10:39:57,430 DEBUG o.s.d.c.CustomConversions [main] Adding converter from class org.springframework.data.mongodb.core.query.GeoCommand to class org.bson.Document as writing converter.
2021-08-30 10:39:57,430 DEBUG o.s.d.c.CustomConversions [main] Adding converter from interface org.springframework.data.mongodb.core.geo.GeoJson to class org.bson.Document as writing converter.
2021-08-30 10:39:57,430 DEBUG o.s.d.c.CustomConversions [main] Adding converter from class org.springframework.data.mongodb.core.geo.GeoJsonPoint to class org.bson.Document as writing converter.
2021-08-30 10:39:57,430 DEBUG o.s.d.c.CustomConversions [main] Adding converter from class org.springframework.data.mongodb.core.geo.GeoJsonPolygon to class org.bson.Document as writing converter.
2021-08-30 10:39:57,431 DEBUG o.s.d.c.CustomConversions [main] Adding converter from class org.bson.Document to class org.springframework.data.mongodb.core.geo.GeoJsonPoint as reading converter.
2021-08-30 10:39:57,431 DEBUG o.s.d.c.CustomConversions [main] Adding converter from class org.bson.Document to class org.springframework.data.mongodb.core.geo.GeoJsonPolygon as reading converter.
2021-08-30 10:39:57,431 DEBUG o.s.d.c.CustomConversions [main] Adding converter from class org.bson.Document to class org.springframework.data.mongodb.core.geo.GeoJsonLineString as reading converter.
2021-08-30 10:39:57,431 DEBUG o.s.d.c.CustomConversions [main] Adding converter from class org.bson.Document to class org.springframework.data.mongodb.core.geo.GeoJsonMultiLineString as reading converter.
2021-08-30 10:39:57,432 DEBUG o.s.d.c.CustomConversions [main] Adding converter from class org.bson.Document to class org.springframework.data.mongodb.core.geo.GeoJsonMultiPoint as reading converter.
2021-08-30 10:39:57,432 DEBUG o.s.d.c.CustomConversions [main] Adding converter from class org.bson.Document to class org.springframework.data.mongodb.core.geo.GeoJsonMultiPolygon as reading converter.
2021-08-30 10:39:57,432 DEBUG o.s.d.c.CustomConversions [main] Adding converter from class org.bson.Document to class org.springframework.data.mongodb.core.geo.GeoJsonGeometryCollection as reading converter.
2021-08-30 10:39:57,432 DEBUG o.s.d.c.CustomConversions [main] Adding converter from class org.bson.Document to interface org.springframework.data.mongodb.core.geo.GeoJson as reading converter.
2021-08-30 10:39:57,432 DEBUG o.s.d.c.CustomConversions [main] Adding converter from class java.util.Date to class java.time.LocalDateTime as reading converter.
2021-08-30 10:39:57,433 DEBUG o.s.d.c.CustomConversions [main] Adding converter from class java.time.LocalDateTime to class java.util.Date as writing converter.
2021-08-30 10:39:57,433 DEBUG o.s.d.c.CustomConversions [main] Adding converter from class java.util.Date to class java.time.LocalDate as reading converter.
2021-08-30 10:39:57,433 DEBUG o.s.d.c.CustomConversions [main] Adding converter from class java.time.LocalDate to class java.util.Date as writing converter.
2021-08-30 10:39:57,433 DEBUG o.s.d.c.CustomConversions [main] Adding converter from class java.util.Date to class java.time.LocalTime as reading converter.
2021-08-30 10:39:57,433 DEBUG o.s.d.c.CustomConversions [main] Adding converter from class java.time.LocalTime to class java.util.Date as writing converter.
2021-08-30 10:39:57,434 DEBUG o.s.d.c.CustomConversions [main] Adding converter from class java.util.Date to class java.time.Instant as reading converter.
2021-08-30 10:39:57,434 DEBUG o.s.d.c.CustomConversions [main] Adding converter from class java.time.Instant to class java.util.Date as writing converter.
2021-08-30 10:39:57,434 DEBUG o.s.d.c.CustomConversions [main] Skipping converter from class java.time.LocalDateTime to class java.time.Instant as reading converter. class java.time.LocalDateTime is not a store supported simple type!
2021-08-30 10:39:57,436 DEBUG o.s.d.c.CustomConversions [main] Skipping converter from class java.time.Instant to class java.time.LocalDateTime as reading converter. class java.time.Instant is not a store supported simple type!
2021-08-30 10:39:57,436 DEBUG o.s.d.c.CustomConversions [main] Adding converter from class java.time.ZoneId to class java.lang.String as writing converter.
2021-08-30 10:39:57,436 DEBUG o.s.d.c.CustomConversions [main] Adding converter from class java.lang.String to class java.time.ZoneId as reading converter.
2021-08-30 10:39:57,437 DEBUG o.s.d.c.CustomConversions [main] Adding converter from class java.time.Duration to class java.lang.String as writing converter.
2021-08-30 10:39:57,437 DEBUG o.s.d.c.CustomConversions [main] Adding converter from class java.lang.String to class java.time.Duration as reading converter.
2021-08-30 10:39:57,437 DEBUG o.s.d.c.CustomConversions [main] Adding converter from class java.time.Period to class java.lang.String as writing converter.
2021-08-30 10:39:57,437 DEBUG o.s.d.c.CustomConversions [main] Adding converter from class java.lang.String to class java.time.Period as reading converter.
2021-08-30 10:39:57,437 DEBUG o.s.d.c.CustomConversions [main] Adding converter from class java.lang.String to class java.time.LocalDate as reading converter.
2021-08-30 10:39:57,438 DEBUG o.s.d.c.CustomConversions [main] Adding converter from class java.lang.String to class java.time.LocalDateTime as reading converter.
2021-08-30 10:39:57,438 DEBUG o.s.d.c.CustomConversions [main] Adding converter from class java.lang.String to class java.time.Instant as reading converter.
2021-08-30 10:39:57,519 INFO o.a.j.l.DirectJDKLog [main] Starting ProtocolHandler ["http-nio-8080"]
2021-08-30 10:39:57,534 INFO o.s.b.w.e.t.TomcatWebServer [main] Tomcat started on port(s): 8080 (http) with context path '/backend-filrouge'
2021-08-30 10:39:57,543 INFO o.s.b.StartupInfoLogger [main] Started RestaurantCoreApplication in 4.421 seconds (JVM running for 5.49)
2021-08-30 10:39:59,347 INFO c.m.d.l.SLF4JLogger [cluster-ClusterId{value='612c995d4e80050bb2089c5e', description='null'}-srv-cluster-poei.z9yhc.mongodb.net] Adding discovered server cluster-poei-shard-00-01.z9yhc.mongodb.net:27017 to client view of cluster
2021-08-30 10:39:59,373 INFO c.m.d.l.SLF4JLogger [cluster-ClusterId{value='612c995d4e80050bb2089c5e', description='null'}-srv-cluster-poei.z9yhc.mongodb.net] Adding discovered server cluster-poei-shard-00-00.z9yhc.mongodb.net:27017 to client view of cluster
2021-08-30 10:39:59,375 INFO c.m.d.l.SLF4JLogger [cluster-ClusterId{value='612c995d4e80050bb2089c5e', description='null'}-srv-cluster-poei.z9yhc.mongodb.net] Adding discovered server cluster-poei-shard-00-02.z9yhc.mongodb.net:27017 to client view of cluster
2021-08-30 10:40:00,308 INFO c.m.d.l.SLF4JLogger [cluster-rtt-ClusterId{value='612c995d4e80050bb2089c5e', description='null'}-cluster-poei-shard-00-01.z9yhc.mongodb.net:27017] Opened connection [connectionId{localValue:5, serverValue:57678}] to cluster-poei-shard-00-01.z9yhc.mongodb.net:27017
2021-08-30 10:40:00,308 INFO c.m.d.l.SLF4JLogger [cluster-ClusterId{value='612c995d4e80050bb2089c5e', description='null'}-cluster-poei-shard-00-00.z9yhc.mongodb.net:27017] Opened connection [connectionId{localValue:1, serverValue:58069}] to cluster-poei-shard-00-00.z9yhc.mongodb.net:27017
2021-08-30 10:40:00,308 INFO c.m.d.l.SLF4JLogger [cluster-ClusterId{value='612c995d4e80050bb2089c5e', description='null'}-cluster-poei-shard-00-01.z9yhc.mongodb.net:27017] Opened connection [connectionId{localValue:2, serverValue:57670}] to cluster-poei-shard-00-01.z9yhc.mongodb.net:27017
2021-08-30 10:40:00,308 INFO c.m.d.l.SLF4JLogger [cluster-rtt-ClusterId{value='612c995d4e80050bb2089c5e', description='null'}-cluster-poei-shard-00-00.z9yhc.mongodb.net:27017] Opened connection [connectionId{localValue:4, serverValue:58069}] to cluster-poei-shard-00-00.z9yhc.mongodb.net:27017
2021-08-30 10:40:00,309 INFO c.m.d.l.SLF4JLogger [cluster-ClusterId{value='612c995d4e80050bb2089c5e', description='null'}-cluster-poei-shard-00-00.z9yhc.mongodb.net:27017] Monitor thread successfully connected to server with description ServerDescription{address=cluster-poei-shard-00-00.z9yhc.mongodb.net:27017, type=REPLICA_SET_SECONDARY, state=CONNECTED, ok=true, minWireVersion=0, maxWireVersion=9, maxDocumentSize=16777216, logicalSessionTimeoutMinutes=30, roundTripTimeNanos=254014400, setName='atlas-inwl8u-shard-0', canonicalAddress=cluster-poei-shard-00-00.z9yhc.mongodb.net:27017, hosts=[cluster-poei-shard-00-00.z9yhc.mongodb.net:27017, cluster-poei-shard-00-01.z9yhc.mongodb.net:27017, cluster-poei-shard-00-02.z9yhc.mongodb.net:27017], passives=[], arbiters=[], primary='cluster-poei-shard-00-02.z9yhc.mongodb.net:27017', tagSet=TagSet{[Tag{name='nodeType', value='ELECTABLE'}, Tag{name='provider', value='GCP'}, Tag{name='region', value='WESTERN_EUROPE'}, Tag{name='workloadType', value='OPERATIONAL'}]}, electionId=null, setVersion=7, topologyVersion=TopologyVersion{processId=6128f8e3b9f8781bb6800df6, counter=4}, lastWriteDate=Mon Aug 30 10:39:59 CEST 2021, lastUpdateTimeNanos=69899636610700}
2021-08-30 10:40:00,309 INFO c.m.d.l.SLF4JLogger [cluster-ClusterId{value='612c995d4e80050bb2089c5e', description='null'}-cluster-poei-shard-00-01.z9yhc.mongodb.net:27017] Monitor thread successfully connected to server with description ServerDescription{address=cluster-poei-shard-00-01.z9yhc.mongodb.net:27017, type=REPLICA_SET_SECONDARY, state=CONNECTED, ok=true, minWireVersion=0, maxWireVersion=9, maxDocumentSize=16777216, logicalSessionTimeoutMinutes=30, roundTripTimeNanos=254029301, setName='atlas-inwl8u-shard-0', canonicalAddress=cluster-poei-shard-00-01.z9yhc.mongodb.net:27017, hosts=[cluster-poei-shard-00-00.z9yhc.mongodb.net:27017, cluster-poei-shard-00-01.z9yhc.mongodb.net:27017, cluster-poei-shard-00-02.z9yhc.mongodb.net:27017], passives=[], arbiters=[], primary='cluster-poei-shard-00-02.z9yhc.mongodb.net:27017', tagSet=TagSet{[Tag{name='nodeType', value='ELECTABLE'}, Tag{name='provider', value='GCP'}, Tag{name='region', value='WESTERN_EUROPE'}, Tag{name='workloadType', value='OPERATIONAL'}]}, electionId=null, setVersion=7, topologyVersion=TopologyVersion{processId=6128fae6dab757497ee74bf4, counter=4}, lastWriteDate=Mon Aug 30 10:39:59 CEST 2021, lastUpdateTimeNanos=69899636610899}
2021-08-30 10:40:00,333 INFO c.m.d.l.SLF4JLogger [cluster-ClusterId{value='612c995d4e80050bb2089c5e', description='null'}-cluster-poei-shard-00-02.z9yhc.mongodb.net:27017] Opened connection [connectionId{localValue:6, serverValue:64346}] to cluster-poei-shard-00-02.z9yhc.mongodb.net:27017
2021-08-30 10:40:00,333 INFO c.m.d.l.SLF4JLogger [cluster-rtt-ClusterId{value='612c995d4e80050bb2089c5e', description='null'}-cluster-poei-shard-00-02.z9yhc.mongodb.net:27017] Opened connection [connectionId{localValue:3, serverValue:64058}] to cluster-poei-shard-00-02.z9yhc.mongodb.net:27017
2021-08-30 10:40:00,334 INFO c.m.d.l.SLF4JLogger [cluster-ClusterId{value='612c995d4e80050bb2089c5e', description='null'}-cluster-poei-shard-00-02.z9yhc.mongodb.net:27017] Monitor thread successfully connected to server with description ServerDescription{address=cluster-poei-shard-00-02.z9yhc.mongodb.net:27017, type=REPLICA_SET_PRIMARY, state=CONNECTED, ok=true, minWireVersion=0, maxWireVersion=9, maxDocumentSize=16777216, logicalSessionTimeoutMinutes=30, roundTripTimeNanos=282171200, setName='atlas-inwl8u-shard-0', canonicalAddress=cluster-poei-shard-00-02.z9yhc.mongodb.net:27017, hosts=[cluster-poei-shard-00-00.z9yhc.mongodb.net:27017, cluster-poei-shard-00-01.z9yhc.mongodb.net:27017, cluster-poei-shard-00-02.z9yhc.mongodb.net:27017], passives=[], arbiters=[], primary='cluster-poei-shard-00-02.z9yhc.mongodb.net:27017', tagSet=TagSet{[Tag{name='nodeType', value='ELECTABLE'}, Tag{name='provider', value='GCP'}, Tag{name='region', value='WESTERN_EUROPE'}, Tag{name='workloadType', value='OPERATIONAL'}]}, electionId=7fffffff00000000000000c8, setVersion=7, topologyVersion=TopologyVersion{processId=6128f9ffe8ba446333114508, counter=6}, lastWriteDate=Mon Aug 30 10:39:59 CEST 2021, lastUpdateTimeNanos=69899663740100}
2021-08-30 10:40:00,334 INFO c.m.d.l.SLF4JLogger [cluster-ClusterId{value='612c995d4e80050bb2089c5e', description='null'}-cluster-poei-shard-00-02.z9yhc.mongodb.net:27017] Setting max election id to 7fffffff00000000000000c8 from replica set primary cluster-poei-shard-00-02.z9yhc.mongodb.net:27017
2021-08-30 10:40:00,335 INFO c.m.d.l.SLF4JLogger [cluster-ClusterId{value='612c995d4e80050bb2089c5e', description='null'}-cluster-poei-shard-00-02.z9yhc.mongodb.net:27017] Setting max set version to 7 from replica set primary cluster-poei-shard-00-02.z9yhc.mongodb.net:27017
2021-08-30 10:40:00,335 INFO c.m.d.l.SLF4JLogger [cluster-ClusterId{value='612c995d4e80050bb2089c5e', description='null'}-cluster-poei-shard-00-02.z9yhc.mongodb.net:27017] Discovered replica set primary cluster-poei-shard-00-02.z9yhc.mongodb.net:27017
2021-08-30 10:51:04,371 INFO o.s.b.a.SpringApplicationAdminMXBeanRegistrar$SpringApplicationAdmin [RMI TCP Connection(2)-127.0.0.1] Application shutdown requested.
